<?xml version="1.0" encoding="UTF-8"?>
<coverage generated="1569058633122" clover="3.2.0">
  <project timestamp="1569058633122" name="All files">
    <metrics statements="41" coveredstatements="36" conditionals="40" coveredconditionals="34" methods="10" coveredmethods="10" elements="91" coveredelements="80" complexity="0" loc="41" ncloc="41" packages="1" files="1" classes="1"/>
    <file name="index.js" path="/Users/jenkin/Documents/work/validator-form/validators/index.js">
      <metrics statements="41" coveredstatements="36" conditionals="40" coveredconditionals="34" methods="10" coveredmethods="10"/>
      <line num="5" count="2" type="stmt"/>
      <line num="8" count="29" type="stmt"/>
      <line num="12" count="58" type="stmt"/>
      <line num="16" count="90" type="stmt"/>
      <line num="20" count="28" type="stmt"/>
      <line num="25" count="2" type="stmt"/>
      <line num="32" count="15" type="cond" truecount="4" falsecount="0"/>
      <line num="33" count="1" type="stmt"/>
      <line num="35" count="14" type="cond" truecount="3" falsecount="1"/>
      <line num="36" count="0" type="stmt"/>
      <line num="38" count="14" type="cond" truecount="1" falsecount="1"/>
      <line num="39" count="0" type="stmt"/>
      <line num="42" count="14" type="cond" truecount="4" falsecount="1"/>
      <line num="43" count="0" type="stmt"/>
      <line num="46" count="14" type="stmt"/>
      <line num="65" count="21" type="stmt"/>
      <line num="69" count="21" type="stmt"/>
      <line num="70" count="29" type="stmt"/>
      <line num="71" count="29" type="cond" truecount="1" falsecount="1"/>
      <line num="72" count="0" type="stmt"/>
      <line num="74" count="29" type="cond" truecount="1" falsecount="1"/>
      <line num="75" count="0" type="stmt"/>
      <line num="77" count="29" type="cond" truecount="2" falsecount="0"/>
      <line num="78" count="21" type="stmt"/>
      <line num="79" count="21" type="stmt"/>
      <line num="82" count="21" type="stmt"/>
      <line num="102" count="17" type="stmt"/>
      <line num="103" count="14" type="stmt"/>
      <line num="107" count="14" type="stmt"/>
      <line num="108" count="14" type="stmt"/>
      <line num="109" count="21" type="cond" truecount="2" falsecount="0"/>
      <line num="110" count="21" type="cond" truecount="2" falsecount="0"/>
      <line num="111" count="21" type="stmt"/>
      <line num="112" count="21" type="cond" truecount="2" falsecount="0"/>
      <line num="113" count="14" type="stmt"/>
      <line num="114" count="14" type="cond" truecount="2" falsecount="0"/>
      <line num="115" count="8" type="stmt"/>
      <line num="117" count="6" type="stmt"/>
      <line num="121" count="14" type="cond" truecount="2" falsecount="0"/>
      <line num="122" count="10" type="stmt"/>
      <line num="124" count="14" type="stmt"/>
    </file>
  </project>
</coverage>
