{"/Users/jenkin/Documents/work/validator-form/validators/index.js": {"path":"/Users/jenkin/Documents/work/validator-form/validators/index.js","statementMap":{"0":{"start":{"line":5,"column":18},"end":{"line":5,"column":43}},"1":{"start":{"line":8,"column":2},"end":{"line":8,"column":49}},"2":{"start":{"line":12,"column":2},"end":{"line":12,"column":49}},"3":{"start":{"line":16,"column":2},"end":{"line":16,"column":48}},"4":{"start":{"line":20,"column":2},"end":{"line":20,"column":50}},"5":{"start":{"line":25,"column":2},"end":{"line":25,"column":70}},"6":{"start":{"line":32,"column":2},"end":{"line":34,"column":3}},"7":{"start":{"line":33,"column":4},"end":{"line":33,"column":95}},"8":{"start":{"line":35,"column":2},"end":{"line":37,"column":3}},"9":{"start":{"line":36,"column":4},"end":{"line":36,"column":96}},"10":{"start":{"line":38,"column":2},"end":{"line":41,"column":3}},"11":{"start":{"line":39,"column":4},"end":{"line":40,"column":74}},"12":{"start":{"line":42,"column":2},"end":{"line":44,"column":3}},"13":{"start":{"line":43,"column":4},"end":{"line":43,"column":127}},"14":{"start":{"line":46,"column":2},"end":{"line":50,"column":4}},"15":{"start":{"line":65,"column":22},"end":{"line":68,"column":3}},"16":{"start":{"line":69,"column":2},"end":{"line":81,"column":5}},"17":{"start":{"line":70,"column":32},"end":{"line":70,"column":62}},"18":{"start":{"line":71,"column":4},"end":{"line":73,"column":5}},"19":{"start":{"line":72,"column":6},"end":{"line":72,"column":63}},"20":{"start":{"line":74,"column":4},"end":{"line":76,"column":5}},"21":{"start":{"line":75,"column":6},"end":{"line":75,"column":52}},"22":{"start":{"line":77,"column":4},"end":{"line":80,"column":5}},"23":{"start":{"line":78,"column":6},"end":{"line":78,"column":34}},"24":{"start":{"line":79,"column":6},"end":{"line":79,"column":40}},"25":{"start":{"line":82,"column":2},"end":{"line":82,"column":21}},"26":{"start":{"line":102,"column":6},"end":{"line":102,"column":61}},"27":{"start":{"line":103,"column":22},"end":{"line":106,"column":3}},"28":{"start":{"line":107,"column":22},"end":{"line":107,"column":43}},"29":{"start":{"line":108,"column":2},"end":{"line":120,"column":5}},"30":{"start":{"line":109,"column":4},"end":{"line":109,"column":58}},"31":{"start":{"line":110,"column":16},"end":{"line":110,"column":59}},"32":{"start":{"line":111,"column":33},"end":{"line":111,"column":68}},"33":{"start":{"line":112,"column":4},"end":{"line":119,"column":5}},"34":{"start":{"line":113,"column":6},"end":{"line":113,"column":34}},"35":{"start":{"line":114,"column":6},"end":{"line":118,"column":7}},"36":{"start":{"line":115,"column":8},"end":{"line":115,"column":45}},"37":{"start":{"line":117,"column":8},"end":{"line":117,"column":42}},"38":{"start":{"line":121,"column":2},"end":{"line":123,"column":3}},"39":{"start":{"line":122,"column":4},"end":{"line":122,"column":56}},"40":{"start":{"line":124,"column":2},"end":{"line":124,"column":21}}},"fnMap":{"0":{"name":"_isRegExp","decl":{"start":{"line":7,"column":9},"end":{"line":7,"column":18}},"loc":{"start":{"line":7,"column":22},"end":{"line":9,"column":1}},"line":7},"1":{"name":"_isString","decl":{"start":{"line":11,"column":9},"end":{"line":11,"column":18}},"loc":{"start":{"line":11,"column":22},"end":{"line":13,"column":1}},"line":11},"2":{"name":"_isArray","decl":{"start":{"line":15,"column":9},"end":{"line":15,"column":17}},"loc":{"start":{"line":15,"column":21},"end":{"line":17,"column":1}},"line":15},"3":{"name":"_isBoolean","decl":{"start":{"line":19,"column":9},"end":{"line":19,"column":19}},"loc":{"start":{"line":19,"column":23},"end":{"line":21,"column":1}},"line":19},"4":{"name":"_mandatoryArgs","decl":{"start":{"line":24,"column":9},"end":{"line":24,"column":23}},"loc":{"start":{"line":24,"column":27},"end":{"line":26,"column":1}},"line":24},"5":{"name":"_handleAndCheckArgs","decl":{"start":{"line":29,"column":9},"end":{"line":29,"column":28}},"loc":{"start":{"line":30,"column":37},"end":{"line":51,"column":1}},"line":30},"6":{"name":"_validateSingleValue","decl":{"start":{"line":64,"column":9},"end":{"line":64,"column":29}},"loc":{"start":{"line":64,"column":50},"end":{"line":83,"column":1}},"line":64},"7":{"name":"(anonymous_7)","decl":{"start":{"line":69,"column":22},"end":{"line":69,"column":23}},"loc":{"start":{"line":69,"column":38},"end":{"line":81,"column":3}},"line":69},"8":{"name":"validateValue","decl":{"start":{"line":97,"column":16},"end":{"line":97,"column":29}},"loc":{"start":{"line":97,"column":73},"end":{"line":125,"column":1}},"line":97},"9":{"name":"(anonymous_9)","decl":{"start":{"line":108,"column":22},"end":{"line":108,"column":23}},"loc":{"start":{"line":108,"column":43},"end":{"line":120,"column":3}},"line":108}},"branchMap":{"0":{"loc":{"start":{"line":29,"column":29},"end":{"line":29,"column":57}},"type":"default-arg","locations":[{"start":{"line":29,"column":34},"end":{"line":29,"column":57}}],"line":29},"1":{"loc":{"start":{"line":30,"column":2},"end":{"line":30,"column":31}},"type":"default-arg","locations":[{"start":{"line":30,"column":7},"end":{"line":30,"column":31}}],"line":30},"2":{"loc":{"start":{"line":32,"column":2},"end":{"line":34,"column":3}},"type":"if","locations":[{"start":{"line":32,"column":2},"end":{"line":34,"column":3}},{"start":{"line":32,"column":2},"end":{"line":34,"column":3}}],"line":32},"3":{"loc":{"start":{"line":32,"column":6},"end":{"line":32,"column":37}},"type":"binary-expr","locations":[{"start":{"line":32,"column":6},"end":{"line":32,"column":20}},{"start":{"line":32,"column":24},"end":{"line":32,"column":37}}],"line":32},"4":{"loc":{"start":{"line":35,"column":2},"end":{"line":37,"column":3}},"type":"if","locations":[{"start":{"line":35,"column":2},"end":{"line":37,"column":3}},{"start":{"line":35,"column":2},"end":{"line":37,"column":3}}],"line":35},"5":{"loc":{"start":{"line":35,"column":6},"end":{"line":35,"column":37}},"type":"binary-expr","locations":[{"start":{"line":35,"column":6},"end":{"line":35,"column":20}},{"start":{"line":35,"column":24},"end":{"line":35,"column":37}}],"line":35},"6":{"loc":{"start":{"line":38,"column":2},"end":{"line":41,"column":3}},"type":"if","locations":[{"start":{"line":38,"column":2},"end":{"line":41,"column":3}},{"start":{"line":38,"column":2},"end":{"line":41,"column":3}}],"line":38},"7":{"loc":{"start":{"line":42,"column":2},"end":{"line":44,"column":3}},"type":"if","locations":[{"start":{"line":42,"column":2},"end":{"line":44,"column":3}},{"start":{"line":42,"column":2},"end":{"line":44,"column":3}}],"line":42},"8":{"loc":{"start":{"line":42,"column":6},"end":{"line":42,"column":61}},"type":"binary-expr","locations":[{"start":{"line":42,"column":6},"end":{"line":42,"column":18}},{"start":{"line":42,"column":22},"end":{"line":42,"column":34}},{"start":{"line":42,"column":38},"end":{"line":42,"column":61}}],"line":42},"9":{"loc":{"start":{"line":47,"column":14},"end":{"line":47,"column":38}},"type":"cond-expr","locations":[{"start":{"line":47,"column":29},"end":{"line":47,"column":31}},{"start":{"line":47,"column":34},"end":{"line":47,"column":38}}],"line":47},"10":{"loc":{"start":{"line":48,"column":17},"end":{"line":48,"column":41}},"type":"cond-expr","locations":[{"start":{"line":48,"column":32},"end":{"line":48,"column":34}},{"start":{"line":48,"column":37},"end":{"line":48,"column":41}}],"line":48},"11":{"loc":{"start":{"line":49,"column":17},"end":{"line":49,"column":43}},"type":"cond-expr","locations":[{"start":{"line":49,"column":34},"end":{"line":49,"column":36}},{"start":{"line":49,"column":39},"end":{"line":49,"column":43}}],"line":49},"12":{"loc":{"start":{"line":71,"column":4},"end":{"line":73,"column":5}},"type":"if","locations":[{"start":{"line":71,"column":4},"end":{"line":73,"column":5}},{"start":{"line":71,"column":4},"end":{"line":73,"column":5}}],"line":71},"13":{"loc":{"start":{"line":74,"column":4},"end":{"line":76,"column":5}},"type":"if","locations":[{"start":{"line":74,"column":4},"end":{"line":76,"column":5}},{"start":{"line":74,"column":4},"end":{"line":76,"column":5}}],"line":74},"14":{"loc":{"start":{"line":77,"column":4},"end":{"line":80,"column":5}},"type":"if","locations":[{"start":{"line":77,"column":4},"end":{"line":80,"column":5}},{"start":{"line":77,"column":4},"end":{"line":80,"column":5}}],"line":77},"15":{"loc":{"start":{"line":97,"column":49},"end":{"line":97,"column":71}},"type":"default-arg","locations":[{"start":{"line":97,"column":67},"end":{"line":97,"column":71}}],"line":97},"16":{"loc":{"start":{"line":109,"column":15},"end":{"line":109,"column":57}},"type":"cond-expr","locations":[{"start":{"line":109,"column":36},"end":{"line":109,"column":44}},{"start":{"line":109,"column":47},"end":{"line":109,"column":57}}],"line":109},"17":{"loc":{"start":{"line":110,"column":16},"end":{"line":110,"column":59}},"type":"cond-expr","locations":[{"start":{"line":110,"column":30},"end":{"line":110,"column":41}},{"start":{"line":110,"column":44},"end":{"line":110,"column":59}}],"line":110},"18":{"loc":{"start":{"line":112,"column":4},"end":{"line":119,"column":5}},"type":"if","locations":[{"start":{"line":112,"column":4},"end":{"line":119,"column":5}},{"start":{"line":112,"column":4},"end":{"line":119,"column":5}}],"line":112},"19":{"loc":{"start":{"line":114,"column":6},"end":{"line":118,"column":7}},"type":"if","locations":[{"start":{"line":114,"column":6},"end":{"line":118,"column":7}},{"start":{"line":114,"column":6},"end":{"line":118,"column":7}}],"line":114},"20":{"loc":{"start":{"line":121,"column":2},"end":{"line":123,"column":3}},"type":"if","locations":[{"start":{"line":121,"column":2},"end":{"line":123,"column":3}},{"start":{"line":121,"column":2},"end":{"line":123,"column":3}}],"line":121}},"s":{"0":2,"1":32,"2":70,"3":107,"4":35,"5":2,"6":20,"7":1,"8":19,"9":1,"10":18,"11":1,"12":18,"13":1,"14":17,"15":24,"16":24,"17":32,"18":32,"19":1,"20":31,"21":1,"22":30,"23":21,"24":21,"25":22,"26":22,"27":17,"28":17,"29":17,"30":24,"31":24,"32":24,"33":22,"34":14,"35":14,"36":8,"37":6,"38":15,"39":11,"40":15},"f":{"0":32,"1":70,"2":107,"3":35,"4":2,"5":20,"6":24,"7":32,"8":22,"9":24},"b":{"0":[1],"1":[1],"2":[1,19],"3":[20,9],"4":[1,18],"5":[19,14],"6":[1,17],"7":[1,17],"8":[18,8,7],"9":[7,10],"10":[12,5],"11":[16,1],"12":[1,31],"13":[1,30],"14":[21,9],"15":[16],"16":[7,17],"17":[18,6],"18":[14,8],"19":[8,6],"20":[11,4]},"_coverageSchema":"43e27e138ebf9cfc5966b082cf9a028302ed4184","hash":"ca7c80ab625f8fc66645c1a3d4a84bd97f5e7fa9"}
}
