TN:
SF:/Users/jenkin/Documents/work/validator-form/validators/index.js
FN:7,_isRegExp
FN:11,_isString
FN:15,_isArray
FN:19,_isBoolean
FN:24,_mandatoryArgs
FN:29,_handleAndCheckArgs
FN:64,_validateSingleValue
FN:69,(anonymous_7)
FN:97,validateValue
FN:108,(anonymous_9)
FNF:10
FNH:10
FNDA:29,_isRegExp
FNDA:58,_isString
FNDA:90,_isArray
FNDA:28,_isBoolean
FNDA:2,_mandatoryArgs
FNDA:15,_handleAndCheckArgs
FNDA:21,_validateSingleValue
FNDA:29,(anonymous_7)
FNDA:17,validateValue
FNDA:21,(anonymous_9)
DA:5,2
DA:8,29
DA:12,58
DA:16,90
DA:20,28
DA:25,2
DA:32,15
DA:33,1
DA:35,14
DA:36,0
DA:38,14
DA:39,0
DA:42,14
DA:43,0
DA:46,14
DA:65,21
DA:69,21
DA:70,29
DA:71,29
DA:72,0
DA:74,29
DA:75,0
DA:77,29
DA:78,21
DA:79,21
DA:82,21
DA:102,17
DA:103,14
DA:107,14
DA:108,14
DA:109,21
DA:110,21
DA:111,21
DA:112,21
DA:113,14
DA:114,14
DA:115,8
DA:117,6
DA:121,14
DA:122,10
DA:124,14
LF:41
LH:36
BRDA:29,0,0,1
BRDA:30,1,0,1
BRDA:32,2,0,1
BRDA:32,2,1,14
BRDA:32,3,0,15
BRDA:32,3,1,8
BRDA:35,4,0,0
BRDA:35,4,1,14
BRDA:35,5,0,14
BRDA:35,5,1,12
BRDA:38,6,0,0
BRDA:38,6,1,14
BRDA:42,7,0,0
BRDA:42,7,1,14
BRDA:42,8,0,14
BRDA:42,8,1,7
BRDA:42,8,2,6
BRDA:47,9,0,7
BRDA:47,9,1,7
BRDA:48,10,0,12
BRDA:48,10,1,2
BRDA:49,11,0,14
BRDA:49,11,1,0
BRDA:71,12,0,0
BRDA:71,12,1,29
BRDA:74,13,0,0
BRDA:74,13,1,29
BRDA:77,14,0,21
BRDA:77,14,1,8
BRDA:97,15,0,12
BRDA:109,16,0,7
BRDA:109,16,1,14
BRDA:110,17,0,15
BRDA:110,17,1,6
BRDA:112,18,0,14
BRDA:112,18,1,7
BRDA:114,19,0,8
BRDA:114,19,1,6
BRDA:121,20,0,10
BRDA:121,20,1,4
BRF:40
BRH:34
end_of_record
