TN:
SF:/Users/jenkin/Documents/work/validator-form/validators/index.js
FN:7,_isRegExp
FN:11,_isString
FN:15,_isArray
FN:19,_isBoolean
FN:24,_mandatoryArgs
FN:29,_handleAndCheckArgs
FN:64,_validateSingleValue
FN:69,(anonymous_7)
FN:97,validateValue
FN:108,(anonymous_9)
FNF:10
FNH:10
FNDA:32,_isRegExp
FNDA:70,_isString
FNDA:107,_isArray
FNDA:35,_isBoolean
FNDA:2,_mandatoryArgs
FNDA:20,_handleAndCheckArgs
FNDA:24,_validateSingleValue
FNDA:32,(anonymous_7)
FNDA:22,validateValue
FNDA:24,(anonymous_9)
DA:5,2
DA:8,32
DA:12,70
DA:16,107
DA:20,35
DA:25,2
DA:32,20
DA:33,1
DA:35,19
DA:36,1
DA:38,18
DA:39,1
DA:42,18
DA:43,1
DA:46,17
DA:65,24
DA:69,24
DA:70,32
DA:71,32
DA:72,1
DA:74,31
DA:75,1
DA:77,30
DA:78,21
DA:79,21
DA:82,22
DA:102,22
DA:103,17
DA:107,17
DA:108,17
DA:109,24
DA:110,24
DA:111,24
DA:112,22
DA:113,14
DA:114,14
DA:115,8
DA:117,6
DA:121,15
DA:122,11
DA:124,15
LF:41
LH:41
BRDA:29,0,0,1
BRDA:30,1,0,1
BRDA:32,2,0,1
BRDA:32,2,1,19
BRDA:32,3,0,20
BRDA:32,3,1,9
BRDA:35,4,0,1
BRDA:35,4,1,18
BRDA:35,5,0,19
BRDA:35,5,1,14
BRDA:38,6,0,1
BRDA:38,6,1,17
BRDA:42,7,0,1
BRDA:42,7,1,17
BRDA:42,8,0,18
BRDA:42,8,1,8
BRDA:42,8,2,7
BRDA:47,9,0,7
BRDA:47,9,1,10
BRDA:48,10,0,12
BRDA:48,10,1,5
BRDA:49,11,0,16
BRDA:49,11,1,1
BRDA:71,12,0,1
BRDA:71,12,1,31
BRDA:74,13,0,1
BRDA:74,13,1,30
BRDA:77,14,0,21
BRDA:77,14,1,9
BRDA:97,15,0,16
BRDA:109,16,0,7
BRDA:109,16,1,17
BRDA:110,17,0,18
BRDA:110,17,1,6
BRDA:112,18,0,14
BRDA:112,18,1,8
BRDA:114,19,0,8
BRDA:114,19,1,6
BRDA:121,20,0,11
BRDA:121,20,1,4
BRF:40
BRH:40
end_of_record
